# JRE version: OpenJDK Runtime Environment Temurin-17.0.5+8 (17.0.5+8) (build 17.0.5+8)
# Java VM: OpenJDK 64-Bit Server VM Temurin-17.0.5+8 (17.0.5+8, mixed mode, sharing, tiered, compressed oops, compressed class ptrs, g1 gc, windows-amd64)
GC Precious Log:
 CPUs: 16 total, 16 available
 Memory: 32123M
 Large Page Support: Disabled
 NUMA Support: Disabled
 Compressed Oops: Enabled (Zero based)
 Heap Region Size: 4M
 Heap Min Capacity: 8M
 Heap Initial Capacity: 504M
 Heap Max Capacity: 8032M
 Pre-touch: Disabled
 Parallel Workers: 13
 Concurrent Workers: 3
 Concurrent Refinement Workers: 13
 Periodic GC: Disabled
Heap:
 garbage-first heap   total 1941504K, used 858345K [0x000000060a000000, 0x0000000800000000)
  region size 4096K, 37 young (151552K), 20 survivors (81920K)
 Metaspace       used 125588K, committed 127104K, reserved 1163264K
  class space    used 19842K, committed 20544K, reserved 1048576K
GC Heap History (20 events):
Event: 35.693 GC heap before
{Heap before GC invocations=59 (full 0):
 garbage-first heap   total 1912832K, used 1486667K [0x000000060a000000, 0x0000000800000000)
  region size 4096K, 120 young (491520K), 18 survivors (73728K)
 Metaspace       used 122726K, committed 124160K, reserved 1155072K
  class space    used 19659K, committed 20288K, reserved 1048576K
}
Event: 35.709 GC heap after
{Heap after GC invocations=60 (full 0):
 garbage-first heap   total 1912832K, used 1089739K [0x000000060a000000, 0x0000000800000000)
  region size 4096K, 4 young (16384K), 4 survivors (16384K)
 Metaspace       used 122726K, committed 124160K, reserved 1155072K
  class space    used 19659K, committed 20288K, reserved 1048576K
}
Event: 36.320 GC heap before
{Heap before GC invocations=61 (full 0):
 garbage-first heap   total 1941504K, used 1523915K [0x000000060a000000, 0x0000000800000000)
  region size 4096K, 110 young (450560K), 4 survivors (16384K)
 Metaspace       used 123109K, committed 124608K, reserved 1155072K
  class space    used 19693K, committed 20352K, reserved 1048576K
}
Event: 36.323 GC heap after
{Heap after GC invocations=62 (full 0):
 garbage-first heap   total 1941504K, used 1090757K [0x000000060a000000, 0x0000000800000000)
  region size 4096K, 4 young (16384K), 4 survivors (16384K)
 Metaspace       used 123109K, committed 124608K, reserved 1155072K
  class space    used 19693K, committed 20352K, reserved 1048576K
}
Event: 36.415 GC heap before
{Heap before GC invocations=62 (full 0):
 garbage-first heap   total 1941504K, used 1164485K [0x000000060a000000, 0x0000000800000000)
  region size 4096K, 23 young (94208K), 4 survivors (16384K)
 Metaspace       used 123231K, committed 124672K, reserved 1155072K
  class space    used 19696K, committed 20352K, reserved 1048576K
}
Event: 36.419 GC heap after
{Heap after GC invocations=63 (full 0):
 garbage-first heap   total 1941504K, used 896516K [0x000000060a000000, 0x0000000800000000)
  region size 4096K, 1 young (4096K), 1 survivors (4096K)
 Metaspace       used 123231K, committed 124672K, reserved 1155072K
  class space    used 19696K, committed 20352K, reserved 1048576K
}
Event: 36.530 GC heap before
{Heap before GC invocations=63 (full 0):
 garbage-first heap   total 1941504K, used 986628K [0x000000060a000000, 0x0000000800000000)
  region size 4096K, 23 young (94208K), 1 survivors (4096K)
 Metaspace       used 123295K, committed 124736K, reserved 1155072K
  class space    used 19696K, committed 20352K, reserved 1048576K
}
Event: 36.535 GC heap after
{Heap after GC invocations=64 (full 0):
 garbage-first heap   total 1941504K, used 717641K [0x000000060a000000, 0x0000000800000000)
  region size 4096K, 1 young (4096K), 1 survivors (4096K)
 Metaspace       used 123295K, committed 124736K, reserved 1155072K
  class space    used 19696K, committed 20352K, reserved 1048576K
}
Event: 36.596 GC heap before
{Heap before GC invocations=64 (full 0):
 garbage-first heap   total 1941504K, used 803657K [0x000000060a000000, 0x0000000800000000)
  region size 4096K, 23 young (94208K), 1 survivors (4096K)
 Metaspace       used 123335K, committed 124800K, reserved 1155072K
  class space    used 19698K, committed 20352K, reserved 1048576K
}
Event: 36.599 GC heap after
{Heap after GC invocations=65 (full 0):
 garbage-first heap   total 1941504K, used 715312K [0x000000060a000000, 0x0000000800000000)
  region size 4096K, 2 young (8192K), 2 survivors (8192K)
 Metaspace       used 123335K, committed 124800K, reserved 1155072K
  class space    used 19698K, committed 20352K, reserved 1048576K
}
Event: 37.341 GC heap before
{Heap before GC invocations=65 (full 0):
 garbage-first heap   total 1941504K, used 1477168K [0x000000060a000000, 0x0000000800000000)
  region size 4096K, 189 young (774144K), 2 survivors (8192K)
 Metaspace       used 124278K, committed 125760K, reserved 1155072K
  class space    used 19787K, committed 20416K, reserved 1048576K
}
Event: 37.346 GC heap after
{Heap after GC invocations=66 (full 0):
 garbage-first heap   total 1941504K, used 724933K [0x000000060a000000, 0x0000000800000000)
  region size 4096K, 4 young (16384K), 4 survivors (16384K)
 Metaspace       used 124278K, committed 125760K, reserved 1155072K
  class space    used 19787K, committed 20416K, reserved 1048576K
}
Event: 38.478 GC heap before
{Heap before GC invocations=66 (full 0):
 garbage-first heap   total 1941504K, used 1568709K [0x000000060a000000, 0x0000000800000000)
  region size 4096K, 210 young (860160K), 4 survivors (16384K)
 Metaspace       used 124855K, committed 126336K, reserved 1155072K
  class space    used 19817K, committed 20480K, reserved 1048576K
}
Event: 38.483 GC heap after
{Heap after GC invocations=67 (full 0):
 garbage-first heap   total 1941504K, used 738479K [0x000000060a000000, 0x0000000800000000)
  region size 4096K, 7 young (28672K), 7 survivors (28672K)
 Metaspace       used 124855K, committed 126336K, reserved 1155072K
  class space    used 19817K, committed 20480K, reserved 1048576K
}
Event: 39.744 GC heap before
{Heap before GC invocations=67 (full 0):
 garbage-first heap   total 1941504K, used 1598639K [0x000000060a000000, 0x0000000800000000)
  region size 4096K, 217 young (888832K), 7 survivors (28672K)
 Metaspace       used 125217K, committed 126656K, reserved 1163264K
  class space    used 19836K, committed 20480K, reserved 1048576K
}
Event: 39.750 GC heap after
{Heap after GC invocations=68 (full 0):
 garbage-first heap   total 1941504K, used 751944K [0x000000060a000000, 0x0000000800000000)
  region size 4096K, 11 young (45056K), 11 survivors (45056K)
 Metaspace       used 125217K, committed 126656K, reserved 1163264K
  class space    used 19836K, committed 20480K, reserved 1048576K
}
Event: 40.787 GC heap before
{Heap before GC invocations=68 (full 0):
 garbage-first heap   total 1941504K, used 1612104K [0x000000060a000000, 0x0000000800000000)
  region size 4096K, 222 young (909312K), 11 survivors (45056K)
 Metaspace       used 125417K, committed 126848K, reserved 1163264K
  class space    used 19836K, committed 20480K, reserved 1048576K
}
Event: 40.797 GC heap after
{Heap after GC invocations=69 (full 0):
 garbage-first heap   total 1941504K, used 773250K [0x000000060a000000, 0x0000000800000000)
  region size 4096K, 16 young (65536K), 16 survivors (65536K)
 Metaspace       used 125417K, committed 126848K, reserved 1163264K
  class space    used 19836K, committed 20480K, reserved 1048576K
}
Event: 41.788 GC heap before
{Heap before GC invocations=69 (full 0):
 garbage-first heap   total 1941504K, used 1621122K [0x000000060a000000, 0x0000000800000000)
  region size 4096K, 223 young (913408K), 16 survivors (65536K)
 Metaspace       used 125562K, committed 126976K, reserved 1163264K
  class space    used 19838K, committed 20480K, reserved 1048576K
}
Event: 41.800 GC heap after
{Heap after GC invocations=70 (full 0):
 garbage-first heap   total 1941504K, used 792809K [0x000000060a000000, 0x0000000800000000)
  region size 4096K, 20 young (81920K), 20 survivors (81920K)
 Metaspace       used 125562K, committed 126976K, reserved 1163264K
  class space    used 19838K, committed 20480K, reserved 1048576K
}

